<?xml version="1.0" encoding="UTF-8"?>
<testsuite name="com.store.microservices.ProductServicesMockTest" tests="1" skipped="0" failures="0" errors="0" timestamp="2024-01-27T21:13:57" hostname="MSI" time="0.25">
  <properties/>
  <testcase name="whenValidProduct_ThenReturnListProduct()" classname="com.store.microservices.ProductServicesMockTest" time="0.25"/>
  <system-out><![CDATA[15:13:53.581 [Test worker] INFO org.springframework.test.context.support.AnnotationConfigContextLoaderUtils -- Could not detect default configuration classes for test class [com.store.microservices.ProductServicesMockTest]: ProductServicesMockTest does not declare any static, non-private, non-final, nested classes annotated with @Configuration.
15:13:53.691 [Test worker] INFO org.springframework.boot.test.context.SpringBootTestContextBootstrapper -- Found @SpringBootConfiguration com.store.microservices.MicroservicesApplication for test class com.store.microservices.ProductServicesMockTest

  .   ____          _            __ _ _
 /\\ / ___'_ __ _ _(_)_ __  __ _ \ \ \ \
( ( )\___ | '_ | '_| | '_ \/ _` | \ \ \ \
 \\/  ___)| |_)| | | | | || (_| |  ) ) ) )
  '  |____| .__|_| |_|_| |_\__, | / / / /
 =========|_|==============|___/=/_/_/_/
 :: Spring Boot ::                (v3.2.2)

"2024-01-27 15:13:53 - INFO Starting ProductServicesMockTest using Java 17.0.9 with PID 5860 (started by enriq in C:\Users\enriq\Documents\Proyectos Java\microservices)
""2024-01-27 15:13:53 - INFO No active profile set, falling back to 1 default profile: "default"
""2024-01-27 15:13:54 - INFO Bootstrapping Spring Data JPA repositories in DEFAULT mode.
""2024-01-27 15:13:54 - INFO Finished Spring Data repository scanning in 38 ms. Found 1 JPA repository interface.
""2024-01-27 15:13:54 - INFO HikariPool-1 - Starting...
""2024-01-27 15:13:54 - INFO HikariPool-1 - Added connection conn0: url=jdbc:h2:mem:testdb user=SA
""2024-01-27 15:13:54 - INFO HikariPool-1 - Start completed.
""2024-01-27 15:13:55 - INFO HHH000204: Processing PersistenceUnitInfo [name: default]
""2024-01-27 15:13:55 - INFO HHH000412: Hibernate ORM core version 6.4.1.Final
""2024-01-27 15:13:55 - INFO HHH000026: Second-level cache disabled
""2024-01-27 15:13:55 - INFO No LoadTimeWeaver setup: ignoring JPA class transformer
""2024-01-27 15:13:55 - WARN HHH90000025: H2Dialect does not need to be specified explicitly using 'hibernate.dialect' (remove the property setting and it will be selected by default)
""2024-01-27 15:13:55 - INFO HHH000489: No JTA platform available (set 'hibernate.transaction.jta.platform' to enable JTA platform integration)
"Hibernate: alter table if exists products add constraint FKog2rp4qthbtt2lfyhfo32lsw9 foreign key (category_id) references categories
"2024-01-27 15:13:55 - INFO Initialized JPA EntityManagerFactory for persistence unit 'default'
""2024-01-27 15:13:56 - WARN spring.jpa.open-in-view is enabled by default. Therefore, database queries may be performed during view rendering. Explicitly configure spring.jpa.open-in-view to disable this warning
""2024-01-27 15:13:56 - INFO H2 console available at '/h2-console'. Database available at 'jdbc:h2:mem:testdb'
""2024-01-27 15:13:57 - INFO Started ProductServicesMockTest in 3.26 seconds (process running for 4.126)
"]]></system-out>
  <system-err><![CDATA[]]></system-err>
</testsuite>
